[2017-11-08 00:31:48] event.DEBUG: Notified event "kernel.request" to listener "Symfony\Bundle\FrameworkBundle\EventListener\SessionListener::onKernelRequest". [] []
[2017-11-08 00:31:48] event.DEBUG: Notified event "kernel.request" to listener "Symfony\Component\HttpKernel\EventListener\FragmentListener::onKernelRequest". [] []
[2017-11-08 00:31:48] event.DEBUG: Notified event "kernel.request" to listener "Symfony\Component\HttpKernel\EventListener\RouterListener::onKernelRequest". [] []
[2017-11-08 00:31:49] event.DEBUG: Notified event "kernel.exception" to listener "Symfony\Component\HttpKernel\EventListener\ExceptionListener::onKernelException". [] []
[2017-11-08 00:31:49] request.ERROR: Uncaught PHP Exception Symfony\Component\HttpKernel\Exception\NotFoundHttpException: "No route found for "GET /Cuisine/1"" at C:\wamp64\www\ALANAPI\vendor\symfony\symfony\src\Symfony\Component\HttpKernel\EventListener\RouterListener.php line 116 {"exception":"[object] (Symfony\\Component\\HttpKernel\\Exception\\NotFoundHttpException: No route found for \"GET /Cuisine/1\" at C:\\wamp64\\www\\ALANAPI\\vendor\\symfony\\symfony\\src\\Symfony\\Component\\HttpKernel\\EventListener\\RouterListener.php:116, Symfony\\Component\\Routing\\Exception\\ResourceNotFoundException:  at C:\\wamp64\\www\\ALANAPI\\app\\cache\\prod\\appProdUrlMatcher.php:84)"} []
[2017-11-08 00:31:49] event.DEBUG: Notified event "kernel.request" to listener "closure". [] []
[2017-11-08 00:31:49] event.DEBUG: Notified event "kernel.request" to listener "Symfony\Bundle\FrameworkBundle\EventListener\SessionListener::onKernelRequest". [] []
[2017-11-08 00:31:49] event.DEBUG: Notified event "kernel.request" to listener "closure". [] []
[2017-11-08 00:31:49] event.DEBUG: Notified event "kernel.request" to listener "Symfony\Component\HttpKernel\EventListener\FragmentListener::onKernelRequest". [] []
[2017-11-08 00:31:49] event.DEBUG: Notified event "kernel.request" to listener "closure". [] []
[2017-11-08 00:31:49] event.DEBUG: Notified event "kernel.request" to listener "Symfony\Component\HttpKernel\EventListener\RouterListener::onKernelRequest". [] []
[2017-11-08 00:31:49] event.DEBUG: Notified event "kernel.request" to listener "closure". [] []
[2017-11-08 00:31:49] event.DEBUG: Notified event "kernel.request" to listener "Symfony\Component\HttpKernel\EventListener\LocaleListener::onKernelRequest". [] []
[2017-11-08 00:31:49] event.DEBUG: Notified event "kernel.request" to listener "closure". [] []
[2017-11-08 00:31:49] event.DEBUG: Notified event "kernel.request" to listener "Symfony\Component\Security\Http\Firewall::onKernelRequest". [] []
[2017-11-08 00:31:49] event.DEBUG: Notified event "kernel.request" to listener "closure". [] []
[2017-11-08 00:31:49] event.DEBUG: Notified event "kernel.request" to listener "Knp\Bundle\MenuBundle\EventListener\VoterInitializerListener::onKernelRequest". [] []
[2017-11-08 00:31:49] event.DEBUG: Notified event "kernel.request" to listener "closure". [] []
[2017-11-08 00:31:49] event.DEBUG: Notified event "kernel.request" to listener "Symfony\Component\HttpKernel\EventListener\ErrorsLoggerListener::injectLogger". [] []
[2017-11-08 00:31:49] event.DEBUG: Notified event "kernel.request" to listener "closure". [] []
[2017-11-08 00:31:49] event.DEBUG: Notified event "kernel.request" to listener "Symfony\Component\HttpKernel\EventListener\ErrorsLoggerListener::injectLogger". [] []
[2017-11-08 00:31:50] event.DEBUG: Notified event "kernel.controller" to listener "Sensio\Bundle\FrameworkExtraBundle\EventListener\ControllerListener::onKernelController". [] []
[2017-11-08 00:31:50] event.DEBUG: Notified event "kernel.controller" to listener "Sensio\Bundle\FrameworkExtraBundle\EventListener\ParamConverterListener::onKernelController". [] []
[2017-11-08 00:31:50] event.DEBUG: Notified event "kernel.controller" to listener "Sensio\Bundle\FrameworkExtraBundle\EventListener\TemplateListener::onKernelController". [] []
[2017-11-08 00:31:54] event.DEBUG: Notified event "kernel.response" to listener "Symfony\Component\HttpKernel\EventListener\ResponseListener::onKernelResponse". [] []
[2017-11-08 00:31:54] event.DEBUG: Notified event "kernel.response" to listener "Symfony\Component\Security\Http\RememberMe\ResponseListener::onKernelResponse". [] []
[2017-11-08 00:31:54] event.DEBUG: Notified event "kernel.response" to listener "Sensio\Bundle\FrameworkExtraBundle\EventListener\CacheListener::onKernelResponse". [] []
[2017-11-08 00:31:54] event.DEBUG: Notified event "kernel.response" to listener "Symfony\Component\HttpKernel\EventListener\StreamedResponseListener::onKernelResponse". [] []
[2017-11-08 00:31:54] event.DEBUG: Listener "Symfony\Component\HttpKernel\EventListener\ExceptionListener::onKernelException" stopped propagation of the event "kernel.exception". [] []
[2017-11-08 00:31:54] event.DEBUG: Notified event "kernel.response" to listener "Symfony\Component\HttpKernel\EventListener\ResponseListener::onKernelResponse". [] []
[2017-11-08 00:31:54] event.DEBUG: Notified event "kernel.response" to listener "Symfony\Component\Security\Http\RememberMe\ResponseListener::onKernelResponse". [] []
[2017-11-08 00:31:54] event.DEBUG: Notified event "kernel.response" to listener "Sensio\Bundle\FrameworkExtraBundle\EventListener\CacheListener::onKernelResponse". [] []
[2017-11-08 00:31:54] event.DEBUG: Notified event "kernel.response" to listener "Symfony\Component\HttpKernel\EventListener\StreamedResponseListener::onKernelResponse". [] []
[2017-11-08 00:31:54] event.DEBUG: Notified event "kernel.terminate" to listener "Symfony\Bundle\SwiftmailerBundle\EventListener\EmailSenderListener::onTerminate". [] []
